0 info it worked if it ends with ok
1 verbose cli [ '/usr/local/bin/node',
1 verbose cli   '/usr/local/bin/npm',
1 verbose cli   'install',
1 verbose cli   'methodOverride' ]
2 info using npm@1.4.28
3 info using node@v0.10.32
4 verbose readDependencies using package.json deps
5 verbose cache add [ 'methodOverride', null ]
6 verbose cache add name=undefined spec="methodOverride" args=["methodOverride",null]
7 verbose parsed url { protocol: null,
7 verbose parsed url   slashes: null,
7 verbose parsed url   auth: null,
7 verbose parsed url   host: null,
7 verbose parsed url   port: null,
7 verbose parsed url   hostname: null,
7 verbose parsed url   hash: null,
7 verbose parsed url   search: null,
7 verbose parsed url   query: null,
7 verbose parsed url   pathname: 'methodOverride',
7 verbose parsed url   path: 'methodOverride',
7 verbose parsed url   href: 'methodOverride' }
8 silly lockFile 106534e5-methodOverride methodOverride
9 verbose lock methodOverride /home/letienhanh/.npm/106534e5-methodOverride.lock
10 silly lockFile 106534e5-methodOverride methodOverride
11 silly lockFile 106534e5-methodOverride methodOverride
12 verbose addNamed [ 'methodOverride', '' ]
13 verbose addNamed [ null, '*' ]
14 silly lockFile 70c5ec60-methodOverride methodOverride@
15 verbose lock methodOverride@ /home/letienhanh/.npm/70c5ec60-methodOverride.lock
16 silly addNameRange { name: 'methodOverride', range: '*', hasData: false }
17 verbose request where is /methodOverride
18 verbose request registry https://registry.npmjs.org/
19 verbose request id ec0df1262a5c7e03
20 verbose url raw /methodOverride
21 verbose url resolving [ 'https://registry.npmjs.org/', './methodOverride' ]
22 verbose url resolved https://registry.npmjs.org/methodOverride
23 verbose request where is https://registry.npmjs.org/methodOverride
24 info trying registry request attempt 1 at 13:07:40
25 http GET https://registry.npmjs.org/methodOverride
26 http 404 https://registry.npmjs.org/methodOverride
27 verbose headers { date: 'Tue, 17 Mar 2015 06:07:41 GMT',
27 verbose headers   server: 'CouchDB/1.5.0 (Erlang OTP/R16B03)',
27 verbose headers   'content-type': 'application/json',
27 verbose headers   'cache-control': 'max-age=0',
27 verbose headers   'content-length': '51',
27 verbose headers   'accept-ranges': 'bytes',
27 verbose headers   via: '1.1 varnish',
27 verbose headers   age: '0',
27 verbose headers   'x-served-by': 'cache-lax1427-LAX',
27 verbose headers   'x-cache': 'MISS',
27 verbose headers   'x-cache-hits': '0',
27 verbose headers   'x-timer': 'S1426572461.262038,VS0,VE315',
27 verbose headers   'keep-alive': 'timeout=10, max=50',
27 verbose headers   connection: 'Keep-Alive' }
28 silly registry.get cb [ 404,
28 silly registry.get   { date: 'Tue, 17 Mar 2015 06:07:41 GMT',
28 silly registry.get     server: 'CouchDB/1.5.0 (Erlang OTP/R16B03)',
28 silly registry.get     'content-type': 'application/json',
28 silly registry.get     'cache-control': 'max-age=0',
28 silly registry.get     'content-length': '51',
28 silly registry.get     'accept-ranges': 'bytes',
28 silly registry.get     via: '1.1 varnish',
28 silly registry.get     age: '0',
28 silly registry.get     'x-served-by': 'cache-lax1427-LAX',
28 silly registry.get     'x-cache': 'MISS',
28 silly registry.get     'x-cache-hits': '0',
28 silly registry.get     'x-timer': 'S1426572461.262038,VS0,VE315',
28 silly registry.get     'keep-alive': 'timeout=10, max=50',
28 silly registry.get     connection: 'Keep-Alive' } ]
29 silly lockFile 70c5ec60-methodOverride methodOverride@
30 silly lockFile 70c5ec60-methodOverride methodOverride@
31 error 404 404 Not Found: methodOverride
31 error 404
31 error 404 'methodOverride' is not in the npm registry.
31 error 404 You should bug the author to publish it
31 error 404 It was specified as a dependency of 'application-name'
31 error 404
31 error 404 Note that you can also install from a
31 error 404 tarball, folder, or http url, or git url.
32 error System Linux 3.13.0-48-generic
33 error command "/usr/local/bin/node" "/usr/local/bin/npm" "install" "methodOverride"
34 error cwd /home/letienhanh/WebstormProjects/MobileDeviceManage
35 error node -v v0.10.32
36 error npm -v 1.4.28
37 error code E404
38 verbose exit [ 1, true ]
